<?xml version="1.0" encoding="UTF-8"?>
<testsuite name="org.ei.telemedicine.test.view.dialogue.DialogOptionMapperTest" tests="1" skipped="0" failures="0" errors="0" timestamp="2015-12-17T05:22:16" hostname="DIPL-PC0206" time="0.019">
  <properties/>
  <testcase name="testShouldMapVillagesToVillageFilterOptions" classname="org.ei.telemedicine.test.view.dialogue.DialogOptionMapperTest" time="0.019"/>
  <system-out><![CDATA[]]></system-out>
  <system-err><![CDATA[]]></system-err>
</testsuite>
