<?xml version="1.0" encoding="UTF-8"?>
<testsuite name="org.ei.telemedicine.test.service.EligibleCoupleServiceTest" tests="5" skipped="0" failures="0" errors="0" timestamp="2015-12-17T05:22:15" hostname="DIPL-PC0206" time="0.019">
  <properties/>
  <testcase name="testShouldCloseEC" classname="org.ei.telemedicine.test.service.EligibleCoupleServiceTest" time="0.002"/>
  <testcase name="testShouldCreateTimelineEventWhenECIsRegistered" classname="org.ei.telemedicine.test.service.EligibleCoupleServiceTest" time="0.002"/>
  <testcase name="testShouldCreateTimelineEventAndUpdateEntityWhenFPChangeIsReported" classname="org.ei.telemedicine.test.service.EligibleCoupleServiceTest" time="0.004"/>
  <testcase name="testShouldUseFormSubmissionDateAsChangeDateWhenFPMethodIsChangedAndChangeDateIsBlank" classname="org.ei.telemedicine.test.service.EligibleCoupleServiceTest" time="0.002"/>
  <testcase name="testShouldNotCreateTimelineEventWhenECIsRegisteredWithoutSubmissionDate" classname="org.ei.telemedicine.test.service.EligibleCoupleServiceTest" time="0.002"/>
  <system-out><![CDATA[]]></system-out>
  <system-err><![CDATA[]]></system-err>
</testsuite>
