<?xml version="1.0" encoding="UTF-8"?>
<testsuite name="org.ei.telemedicine.test.service.DrishtiServiceTest" tests="5" skipped="0" failures="0" errors="0" timestamp="2015-12-17T05:22:14" hostname="DIPL-PC0206" time="0.02">
  <properties/>
  <testcase name="testShouldFetchNoAlertActionsWhenHTTPCallFails" classname="org.ei.telemedicine.test.service.DrishtiServiceTest" time="0.002"/>
  <testcase name="testShouldFetchNoAlertActionsWhenJsonIsForEmptyList" classname="org.ei.telemedicine.test.service.DrishtiServiceTest" time="0.005"/>
  <testcase name="testShouldFetchAlertActions" classname="org.ei.telemedicine.test.service.DrishtiServiceTest" time="0.009"/>
  <testcase name="testShouldURLEncodeTheANMIdentifierPartWhenItHasASpace" classname="org.ei.telemedicine.test.service.DrishtiServiceTest" time="0.002"/>
  <testcase name="testShouldReturnFailureResponseWhenJsonIsMalformed" classname="org.ei.telemedicine.test.service.DrishtiServiceTest" time="0.001"/>
  <system-out><![CDATA[]]></system-out>
  <system-err><![CDATA[]]></system-err>
</testsuite>
