<?xml version="1.0" encoding="UTF-8"?>
<testsuite name="org.ei.telemedicine.test.view.contract.PNCClientTest" tests="2" skipped="0" failures="0" errors="0" timestamp="2015-12-17T05:22:15" hostname="DIPL-PC0206" time="0.021">
  <properties/>
  <testcase name="shouldAddPNCServiceProvidedToServiceToVisitMap" classname="org.ei.telemedicine.test.view.contract.PNCClientTest" time="0.021"/>
  <testcase name="shouldAddPNCAlertToServiceToVisitMap" classname="org.ei.telemedicine.test.view.contract.PNCClientTest" time="0.0"/>
  <system-out><![CDATA[]]></system-out>
  <system-err><![CDATA[]]></system-err>
</testsuite>
