<?xml version="1.0" encoding="UTF-8"?>
<testsuite name="org.ei.telemedicine.test.view.controller.ReportIndicatorDetailViewControllerTest" tests="2" skipped="0" failures="0" errors="0" timestamp="2015-12-17T05:22:16" hostname="DIPL-PC0206" time="0.008">
  <properties/>
  <testcase name="shouldGetIndicatorReportsForGivenCategory" classname="org.ei.telemedicine.test.view.controller.ReportIndicatorDetailViewControllerTest" time="0.004"/>
  <testcase name="shouldShowNAIfAnnualTargetNotAvailable" classname="org.ei.telemedicine.test.view.controller.ReportIndicatorDetailViewControllerTest" time="0.004"/>
  <system-out><![CDATA[]]></system-out>
  <system-err><![CDATA[]]></system-err>
</testsuite>
