<?xml version="1.0" encoding="UTF-8"?>
<testsuite name="org.ei.telemedicine.test.view.contract.BeneficiaryServiceTest" tests="3" skipped="0" failures="0" errors="0" timestamp="2015-12-17T05:22:15" hostname="DIPL-PC0206" time="0.005">
  <properties/>
  <testcase name="testShouldFetchEcsFromEcCaseIds" classname="org.ei.telemedicine.test.view.contract.BeneficiaryServiceTest" time="0.002"/>
  <testcase name="testShouldFetchBeneficiariesFromChildCaseIds" classname="org.ei.telemedicine.test.view.contract.BeneficiaryServiceTest" time="0.001"/>
  <testcase name="testShouldFetchBeneficiariesFromMotherCaseIds" classname="org.ei.telemedicine.test.view.contract.BeneficiaryServiceTest" time="0.001"/>
  <system-out><![CDATA[]]></system-out>
  <system-err><![CDATA[]]></system-err>
</testsuite>
