<?xml version="1.0" encoding="UTF-8"?>
<testsuite name="org.ei.telemedicine.test.adapter.SmartRegisterPaginatedAdapterTest" tests="9" skipped="0" failures="0" errors="0" timestamp="2015-12-17T05:22:15" hostname="DIPL-PC0206" time="0.011">
  <properties/>
  <testcase name="getViewShouldDelegateCallToProviderGetViewWithProperClient" classname="org.ei.telemedicine.test.adapter.SmartRegisterPaginatedAdapterTest" time="0.007"/>
  <testcase name="paginationShouldWorkFor25ClientsPerPage" classname="org.ei.telemedicine.test.adapter.SmartRegisterPaginatedAdapterTest" time="0.001"/>
  <testcase name="shouldReturn3PageCountFor50Clients" classname="org.ei.telemedicine.test.adapter.SmartRegisterPaginatedAdapterTest" time="0.0"/>
  <testcase name="shouldReturn2PageCountFor21Clients" classname="org.ei.telemedicine.test.adapter.SmartRegisterPaginatedAdapterTest" time="0.0"/>
  <testcase name="getItemShouldReturnRespectiveItem" classname="org.ei.telemedicine.test.adapter.SmartRegisterPaginatedAdapterTest" time="0.0"/>
  <testcase name="shouldReturn1PageCountFor20Clients" classname="org.ei.telemedicine.test.adapter.SmartRegisterPaginatedAdapterTest" time="0.0"/>
  <testcase name="updateClientsShouldApplyFilterToShowOnlyFiveClients" classname="org.ei.telemedicine.test.adapter.SmartRegisterPaginatedAdapterTest" time="0.0"/>
  <testcase name="shouldReturn0PageCountFor0Clients" classname="org.ei.telemedicine.test.adapter.SmartRegisterPaginatedAdapterTest" time="0.0"/>
  <testcase name="getItemIdShouldReturnTheActualPositionWithoutPagination" classname="org.ei.telemedicine.test.adapter.SmartRegisterPaginatedAdapterTest" time="0.0"/>
  <system-out><![CDATA[]]></system-out>
  <system-err><![CDATA[]]></system-err>
</testsuite>
