<?xml version="1.0" encoding="UTF-8"?>
<testsuite name="org.ei.telemedicine.test.domain.ReportIndicatorTest" tests="2" skipped="0" failures="0" errors="0" timestamp="2015-12-17T05:22:15" hostname="DIPL-PC0206" time="0.048">
  <properties/>
  <testcase name="shouldThrowExceptionWhenValueIsNotAValidReportIndicator" classname="org.ei.telemedicine.test.domain.ReportIndicatorTest" time="0.048"/>
  <testcase name="shouldParseStringToReportIndicator" classname="org.ei.telemedicine.test.domain.ReportIndicatorTest" time="0.0"/>
  <system-out><![CDATA[]]></system-out>
  <system-err><![CDATA[]]></system-err>
</testsuite>
