<?xml version="1.0" encoding="UTF-8"?>
<testsuite name="org.ei.telemedicine.test.view.controller.ANCSmartRegisterControllerTest" tests="1" skipped="0" failures="0" errors="0" timestamp="2015-12-17T05:22:16" hostname="DIPL-PC0206" time="0.036">
  <properties/>
  <testcase name="shouldGetFPClientsListWithSortedANCsByWifeName" classname="org.ei.telemedicine.test.view.controller.ANCSmartRegisterControllerTest" time="0.036"/>
  <system-out><![CDATA[expectedClient1: org.ei.telemedicine.view.contract.ANCClient@6afefbec[entityId=Entity Z,ec_number=EC Number 1,village=Bherya,name=Woman A,thayi=thayi 3,ancNumber=<null>,age=<null>,husbandName=Husband A,photo_path=../../img/woman-placeholder.png,edd=2014-02-25T00:00:00.000,lmp=2013-05-25,isHighPriority=false,isHighRisk=false,riskFactors=,locationStatus=in_area,caste=<null>,economicStatus=<null>,pocInfo=<null>,alerts=[],services_provided=[],entityIdToSavePhoto=EC Case 1,ashaPhoneNumber=<null>,serviceToVisitsMap={tt=org.ei.telemedicine.view.contract.Visits@465146bb, pnc=org.ei.telemedicine.view.contract.Visits@465146bb, delivery_plan=org.ei.telemedicine.view.contract.Visits@465146bb, hb=org.ei.telemedicine.view.contract.Visits@465146bb, anc=org.ei.telemedicine.view.contract.Visits@465146bb, ifa=org.ei.telemedicine.view.contract.Visits@465146bb}]actualClients: [org.ei.telemedicine.view.contract.ANCClient@25d39e7d[entityId=Entity Z,ec_number=EC Number 1,village=Bherya,name=Woman A,thayi=thayi 3,ancNumber=<null>,age=<null>,husbandName=Husband A,photo_path=../../img/woman-placeholder.png,edd=2014-02-25T00:00:00.000,lmp=2013-05-25,isHighPriority=false,isHighRisk=false,riskFactors=,locationStatus=in_area,caste=<null>,economicStatus=<null>,pocInfo=<null>,alerts=[],services_provided=[],entityIdToSavePhoto=EC Case 1,ashaPhoneNumber=<null>,serviceToVisitsMap={tt=org.ei.telemedicine.view.contract.Visits@465146bb, pnc=org.ei.telemedicine.view.contract.Visits@465146bb, delivery_plan=org.ei.telemedicine.view.contract.Visits@465146bb, hb=org.ei.telemedicine.view.contract.Visits@465146bb, anc=org.ei.telemedicine.view.contract.Visits@465146bb, ifa=org.ei.telemedicine.view.contract.Visits@465146bb}]]
]]></system-out>
  <system-err><![CDATA[]]></system-err>
</testsuite>
