<?xml version="1.0" encoding="UTF-8"?>
<testsuite name="org.ei.telemedicine.test.service.ActionServiceTest" tests="5" skipped="0" failures="0" errors="0" timestamp="2015-12-17T05:22:14" hostname="DIPL-PC0206" time="0.055">
  <properties/>
  <testcase name="testShouldFetchAlertActionsAndNotSaveAnythingIfThereIsNothingNewToSave" classname="org.ei.telemedicine.test.service.ActionServiceTest" time="0.009"/>
  <testcase name="testShouldUpdatePreviousIndexWithIndexOfEachActionThatIsHandled" classname="org.ei.telemedicine.test.service.ActionServiceTest" time="0.029"/>
  <testcase name="testShouldHandleDifferentKindsOfActions" classname="org.ei.telemedicine.test.service.ActionServiceTest" time="0.003"/>
  <testcase name="testShouldNotSaveAnythingIfTheDrishtiResponseStatusIsFailure" classname="org.ei.telemedicine.test.service.ActionServiceTest" time="0.003"/>
  <testcase name="testShouldFetchAlertActionsAndSaveThemToRepository" classname="org.ei.telemedicine.test.service.ActionServiceTest" time="0.002"/>
  <system-out><![CDATA[]]></system-out>
  <system-err><![CDATA[]]></system-err>
</testsuite>
