<?xml version="1.0" encoding="UTF-8"?>
<testsuite name="org.ei.telemedicine.test.view.contract.FPClientTest" tests="6" skipped="0" failures="0" errors="0" timestamp="2015-12-17T05:22:15" hostname="DIPL-PC0206" time="0.004">
  <properties/>
  <testcase name="testShouldSetFemaleSterilizationFollowUpDataWhenAFemaleSterilizationAlertExitsAndReferralDataAndFPFollowUpIsNotSpecified" classname="org.ei.telemedicine.test.view.contract.FPClientTest" time="0.001"/>
  <testcase name="testShouldReturnTheReferralFollowUpAlert" classname="org.ei.telemedicine.test.view.contract.FPClientTest" time="0.0"/>
  <testcase name="testShouldOnlySetFemaleSterilizationFollowUpDataWhenFPMethodIsAlsoFemaleSterilization" classname="org.ei.telemedicine.test.view.contract.FPClientTest" time="0.0"/>
  <testcase name="testShouldSetCondomRefillDataOnlyIfFPMethodIsAlsoCondom" classname="org.ei.telemedicine.test.view.contract.FPClientTest" time="0.001"/>
  <testcase name="testShouldSetCondomRefillDataOverSterilisationDataIfFPMethodIsCondomAndNotAnyOfSterilizationMethods" classname="org.ei.telemedicine.test.view.contract.FPClientTest" time="0.0"/>
  <testcase name="testShouldSetFPFollowupDataIfAFPFollowupExistsAndReferralAlertDoesNotExist" classname="org.ei.telemedicine.test.view.contract.FPClientTest" time="0.001"/>
  <system-out><![CDATA[]]></system-out>
  <system-err><![CDATA[]]></system-err>
</testsuite>
