<?xml version="1.0" encoding="UTF-8"?>
<testsuite name="org.ei.telemedicine.test.service.UserServiceTest" tests="5" skipped="0" failures="0" errors="0" timestamp="2015-12-17T05:22:14" hostname="DIPL-PC0206" time="0.093">
  <properties/>
  <testcase name="testShouldDeleteDataAndSettingsWhenLogoutHappens" classname="org.ei.telemedicine.test.service.UserServiceTest" time="0.042"/>
  <testcase name="testShouldConsiderALocalLoginInvalidWhenRegisteredUserMatchesButNotThePassword" classname="org.ei.telemedicine.test.service.UserServiceTest" time="0.011"/>
  <testcase name="testShouldUseHttpAgentToDoRemoteLoginCheck" classname="org.ei.telemedicine.test.service.UserServiceTest" time="0.007"/>
  <testcase name="testShouldConsiderALocalLoginValidWhenUsernameMatchesRegisteredUserAndPasswordMatchesTheOneInDB" classname="org.ei.telemedicine.test.service.UserServiceTest" time="0.006"/>
  <testcase name="testShouldConsiderALocalLoginInvalidWhenRegisteredUserDoesNotMatch" classname="org.ei.telemedicine.test.service.UserServiceTest" time="0.005"/>
  <system-out><![CDATA[]]></system-out>
  <system-err><![CDATA[]]></system-err>
</testsuite>
