<?xml version="1.0" encoding="UTF-8"?>
<testsuite name="org.ei.telemedicine.test.domain.FormSubmissionTest" tests="2" skipped="0" failures="0" errors="0" timestamp="2015-12-17T05:22:15" hostname="DIPL-PC0206" time="0.006">
  <properties/>
  <testcase name="shouldGetFieldValueByName" classname="org.ei.telemedicine.test.domain.FormSubmissionTest" time="0.003"/>
  <testcase name="shouldGetSubFormByName" classname="org.ei.telemedicine.test.domain.FormSubmissionTest" time="0.003"/>
  <system-out><![CDATA[]]></system-out>
  <system-err><![CDATA[]]></system-err>
</testsuite>
